<?xml version="1.0" encoding="UTF-8"?>
<!-- Generated by org.testng.reporters.JUnitXMLReporter -->
<testsuite ignored="0" hostname="Mohammed_Arham" failures="0" tests="2" name="Linux-Firefox" time="0.044" errors="0" timestamp="2025-07-30T14:38:28 EDT">
  <testcase classname="testcases.TC001_AccountRegisterTest" name="verify_AccountRegistration" time="0.0">
    <skipped/>
  </testcase> <!-- verify_AccountRegistration -->
  <testcase classname="testcases.TC002_AccountLoginTest" name="verify_login" time="0.0">
    <skipped/>
  </testcase> <!-- verify_login -->
</testsuite> <!-- Linux-Firefox -->
