<?xml version="1.0" encoding="UTF-8"?>
<!-- Generated by org.testng.reporters.JUnitXMLReporter -->
<testsuite ignored="0" hostname="Mohammed_Arham" failures="0" tests="7" name="opencart test" time="67.286" errors="0" timestamp="2025-07-22T18:22:39 EDT">
  <testcase classname="testcases.TC001_AccountRegisterTest" name="verify_AccountRegistration" time="8.62"/>
  <testcase classname="testcases.TC002_AccountLoginTest" name="verify_login" time="8.013"/>
  <testcase classname="testcases.TC003LoginDataDrivenTC" name="verify_LoginDDT" time="7.56"/>
  <testcase classname="testcases.TC003LoginDataDrivenTC" name="verify_LoginDDT" time="6.676"/>
  <testcase classname="testcases.TC003LoginDataDrivenTC" name="verify_LoginDDT" time="7.363"/>
  <testcase classname="testcases.TC003LoginDataDrivenTC" name="verify_LoginDDT" time="6.508"/>
  <testcase classname="testcases.TC003LoginDataDrivenTC" name="verify_LoginDDT" time="6.963"/>
</testsuite> <!-- opencart test -->
