<?xml version="1.0" encoding="UTF-8"?>
<!-- Generated by org.testng.reporters.JUnitXMLReporter -->
<testsuite ignored="0" hostname="Mohammed_Arham" failures="0" tests="7" name="opencart test" time="53.841" errors="0" timestamp="2025-07-30T14:58:02 EDT">
  <testcase classname="testcases.TC001_AccountRegisterTest" name="verify_AccountRegistration" time="6.464"/>
  <testcase classname="testcases.TC002_AccountLoginTest" name="verify_login" time="4.923"/>
  <testcase classname="testcases.TC003LoginDataDrivenTC" name="verify_LoginDDT" time="5.78"/>
  <testcase classname="testcases.TC003LoginDataDrivenTC" name="verify_LoginDDT" time="5.512"/>
  <testcase classname="testcases.TC003LoginDataDrivenTC" name="verify_LoginDDT" time="5.656"/>
  <testcase classname="testcases.TC003LoginDataDrivenTC" name="verify_LoginDDT" time="5.62"/>
  <testcase classname="testcases.TC003LoginDataDrivenTC" name="verify_LoginDDT" time="5.736"/>
</testsuite> <!-- opencart test -->
