<?xml version="1.0" encoding="UTF-8"?>
<testng-results ignored="0" total="1" passed="1" failed="0" skipped="0">
  <reporter-output>
  </reporter-output>
  <suite started-at="2025-05-08T18:10:46 EDT" name="opencart suite" finished-at="2025-05-08T18:10:57 EDT" duration-ms="10919">
    <groups>
    </groups>
    <test started-at="2025-05-08T18:10:46 EDT" name="opencart test" finished-at="2025-05-08T18:10:57 EDT" duration-ms="10919">
      <class name="testcases.TC002_AccountLoginTest">
        <test-method is-config="true" signature="setup(java.lang.String,java.lang.String)[pri:0, instance:testcases.TC002_AccountLoginTest@4f9a2c08]" started-at="2025-05-08T18:10:46 EDT" name="setup" finished-at="2025-05-08T18:10:52 EDT" duration-ms="5694" status="PASS">
          <params>
            <param index="0">
              <value>
                <![CDATA[windows]]>
              </value>
            </param>
            <param index="1">
              <value>
                <![CDATA[chrome]]>
              </value>
            </param>
          </params>
          <reporter-output>
          </reporter-output>
        </test-method> <!-- setup -->
        <test-method signature="verify_login()[pri:0, instance:testcases.TC002_AccountLoginTest@4f9a2c08]" started-at="2025-05-08T18:10:52 EDT" name="verify_login" finished-at="2025-05-08T18:10:57 EDT" duration-ms="5079" status="PASS">
          <reporter-output>
          </reporter-output>
        </test-method> <!-- verify_login -->
        <test-method is-config="true" signature="tearDown()[pri:0, instance:testcases.TC002_AccountLoginTest@4f9a2c08]" started-at="2025-05-08T18:10:57 EDT" name="tearDown" finished-at="2025-05-08T18:10:57 EDT" duration-ms="106" status="PASS">
          <reporter-output>
          </reporter-output>
        </test-method> <!-- tearDown -->
      </class> <!-- testcases.TC002_AccountLoginTest -->
    </test> <!-- opencart test -->
  </suite> <!-- opencart suite -->
</testng-results>
